This file contains any messages produced by compilers while
running configure, to aid debugging if configure makes a mistake.

It was created by gputools configure 0.3, which was
generated by GNU Autoconf 2.69.  Invocation command line was

  $ ./configure 

## --------- ##
## Platform. ##
## --------- ##

hostname = yslin-MS-7885
uname -m = x86_64
uname -r = 4.4.0-75-generic
uname -s = Linux
uname -v = #96-Ubuntu SMP Thu Apr 20 09:56:33 UTC 2017

/usr/bin/uname -p = unknown
/bin/uname -X     = unknown

/bin/arch              = unknown
/usr/bin/arch -k       = unknown
/usr/convex/getsysinfo = unknown
/usr/bin/hostinfo      = unknown
/bin/machine           = unknown
/usr/bin/oslevel       = unknown
/bin/universe          = unknown

PATH: /usr/local/sbin
PATH: /usr/local/bin
PATH: /usr/sbin
PATH: /usr/bin
PATH: /sbin
PATH: /bin
PATH: /usr/games
PATH: /usr/local/games
PATH: /snap/bin


## ----------- ##
## Core tests. ##
## ----------- ##

configure:1842: checking "CUDA compiler"
configure:1851: result: "environment variable NVCC not set"
configure:1855: checking for nvcc
configure:1886: result: /usr/local/cuda/bin/nvcc
configure:1918: result: "using NVCC=/usr/local/cuda/bin/nvcc"
configure:1921: checking "root of the CUDA install directory"
configure:1930: result: "environment variable CUDA_HOME not set"
configure:1956: result: "using CUDA_HOME=/usr/local/cuda"
configure:1959: checking "location of CUDA libraries"
configure:1962: checking for "/usr/local/cuda/lib/libcublas.so"
configure:1976: result: no
configure:1986: checking for "/usr/local/cuda/lib64/libcublas.so"
configure:2000: result: yes
configure:2060: checking "R"
configure:2076: result: "using /usr/lib/R for the root of the R install directory"
configure:2088: result: "using /usr/share/R/include for R header files"
configure:2103: checking for rpath flag style
configure:2159: checking for cc
configure:2175: found /usr/bin/cc
configure:2186: result: cc
configure:2217: checking for C compiler version
configure:2226: cc --version >&5
cc (Ubuntu 5.4.0-6ubuntu1~16.04.4) 5.4.0 20160609
Copyright (C) 2015 Free Software Foundation, Inc.
This is free software; see the source for copying conditions.  There is NO
warranty; not even for MERCHANTABILITY or FITNESS FOR A PARTICULAR PURPOSE.

configure:2237: $? = 0
configure:2226: cc -v >&5
Using built-in specs.
COLLECT_GCC=cc
COLLECT_LTO_WRAPPER=/usr/lib/gcc/x86_64-linux-gnu/5/lto-wrapper
Target: x86_64-linux-gnu
Configured with: ../src/configure -v --with-pkgversion='Ubuntu 5.4.0-6ubuntu1~16.04.4' --with-bugurl=file:///usr/share/doc/gcc-5/README.Bugs --enable-languages=c,ada,c++,java,go,d,fortran,objc,obj-c++ --prefix=/usr --program-suffix=-5 --enable-shared --enable-linker-build-id --libexecdir=/usr/lib --without-included-gettext --enable-threads=posix --libdir=/usr/lib --enable-nls --with-sysroot=/ --enable-clocale=gnu --enable-libstdcxx-debug --enable-libstdcxx-time=yes --with-default-libstdcxx-abi=new --enable-gnu-unique-object --disable-vtable-verify --enable-libmpx --enable-plugin --with-system-zlib --disable-browser-plugin --enable-java-awt=gtk --enable-gtk-cairo --with-java-home=/usr/lib/jvm/java-1.5.0-gcj-5-amd64/jre --enable-java-home --with-jvm-root-dir=/usr/lib/jvm/java-1.5.0-gcj-5-amd64 --with-jvm-jar-dir=/usr/lib/jvm-exports/java-1.5.0-gcj-5-amd64 --with-arch-directory=amd64 --with-ecj-jar=/usr/share/java/eclipse-ecj.jar --enable-objc-gc --enable-multiarch --disable-werror --with-arch-32=i686 --with-abi=m64 --with-multilib-list=m32,m64,mx32 --enable-multilib --with-tune=generic --enable-checking=release --build=x86_64-linux-gnu --host=x86_64-linux-gnu --target=x86_64-linux-gnu
Thread model: posix
gcc version 5.4.0 20160609 (Ubuntu 5.4.0-6ubuntu1~16.04.4) 
configure:2237: $? = 0
configure:2226: cc -V >&5
cc: error: unrecognized command line option '-V'
cc: fatal error: no input files
compilation terminated.
configure:2237: $? = 1
configure:2226: cc -qversion >&5
cc: error: unrecognized command line option '-qversion'
cc: fatal error: no input files
compilation terminated.
configure:2237: $? = 1
configure:2257: checking whether the C compiler works
configure:2279: cc    conftest.c  >&5
configure:2283: $? = 0
configure:2331: result: yes
configure:2334: checking for C compiler default output file name
configure:2336: result: a.out
configure:2342: checking for suffix of executables
configure:2349: cc -o conftest    conftest.c  >&5
configure:2353: $? = 0
configure:2375: result: 
configure:2397: checking whether we are cross compiling
configure:2405: cc -o conftest    conftest.c  >&5
configure:2409: $? = 0
configure:2416: ./conftest
configure:2420: $? = 0
configure:2435: result: no
configure:2440: checking for suffix of object files
configure:2462: cc -c   conftest.c >&5
configure:2466: $? = 0
configure:2487: result: o
configure:2491: checking whether we are using the GNU C compiler
configure:2510: cc -c   conftest.c >&5
configure:2510: $? = 0
configure:2519: result: yes
configure:2528: checking whether cc accepts -g
configure:2548: cc -c -g  conftest.c >&5
configure:2548: $? = 0
configure:2589: result: yes
configure:2606: checking for cc option to accept ISO C89
configure:2669: cc  -c -g -O2  conftest.c >&5
configure:2669: $? = 0
configure:2682: result: none needed
configure:2709: cc -o conftest -Wl,--rpath=.   conftest.c  >&5
configure:2709: $? = 0
configure:2732: result: rpath flag style... gnu
configure:2756: checking build system type
configure:2770: result: x86_64-unknown-linux-gnu
configure:2790: checking host system type
configure:2803: result: x86_64-unknown-linux-gnu
configure:3001: creating ./config.status

## ---------------------- ##
## Running config.status. ##
## ---------------------- ##

This file was extended by gputools config.status 0.3, which was
generated by GNU Autoconf 2.69.  Invocation command line was

  CONFIG_FILES    = 
  CONFIG_HEADERS  = 
  CONFIG_LINKS    = 
  CONFIG_COMMANDS = 
  $ ./config.status 

on yslin-MS-7885

config.status:735: creating src/Makefile

## ---------------- ##
## Cache variables. ##
## ---------------- ##

ac_cv_build=x86_64-unknown-linux-gnu
ac_cv_c_compiler_gnu=yes
ac_cv_env_CC_set=
ac_cv_env_CC_value=
ac_cv_env_CFLAGS_set=
ac_cv_env_CFLAGS_value=
ac_cv_env_CPPFLAGS_set=
ac_cv_env_CPPFLAGS_value=
ac_cv_env_LDFLAGS_set=
ac_cv_env_LDFLAGS_value=
ac_cv_env_LIBS_set=
ac_cv_env_LIBS_value=
ac_cv_env_build_alias_set=
ac_cv_env_build_alias_value=
ac_cv_env_host_alias_set=
ac_cv_env_host_alias_value=
ac_cv_env_target_alias_set=
ac_cv_env_target_alias_value=
ac_cv_file__usr_local_cuda_lib64_libcublas_so=yes
ac_cv_file__usr_local_cuda_lib_libcublas_so=no
ac_cv_host=x86_64-unknown-linux-gnu
ac_cv_objext=o
ac_cv_path_NVCC=/usr/local/cuda/bin/nvcc
ac_cv_prog_ac_ct_CC=cc
ac_cv_prog_cc_c89=
ac_cv_prog_cc_g=yes

## ----------------- ##
## Output variables. ##
## ----------------- ##

CC='gcc -std=gnu99'
CFLAGS='-g -O2 -fstack-protector-strong -Wformat -Werror=format-security -Wdate-time -D_FORTIFY_SOURCE=2 -g'
CPICFLAGS='-fpic'
CPPFLAGS=''
CUDA_HOME='/usr/local/cuda'
CUDA_LIB='/usr/local/cuda/lib64'
DEFS='-DPACKAGE_NAME=\"gpda\" -DPACKAGE_TARNAME=\"gpda\" -DPACKAGE_VERSION=\"0.0.1.5\" -DPACKAGE_STRING=\"gpda\ 0.0.1.5\" -DPACKAGE_BUGREPORT=\"\" -DPACKAGE_URL=\"\"'
ECHO_C=''
ECHO_N='-n'
ECHO_T=''
EXEEXT=''
LDFLAGS=''
LIBOBJS=''
LIBS=''
LTLIBOBJS=''
NVCC='/usr/local/cuda/bin/nvcc'
OBJEXT='o'
PACKAGE_BUGREPORT=''
PACKAGE_NAME='gpda'
PACKAGE_STRING='gpda 0.0.1.5'
PACKAGE_TARNAME='gpda'
PACKAGE_URL=''
PACKAGE_VERSION='0.0.1.5'
PATH_SEPARATOR=':'
RPATH='-Xlinker -rpath="/usr/local/cuda/lib64"'
R_HOME='/usr/lib/R'
R_INCLUDE='/usr/share/R/include'
R_LIB=''
SHELL='/bin/bash'
ac_ct_CC='cc'
bindir='${exec_prefix}/bin'
build='x86_64-unknown-linux-gnu'
build_alias=''
build_cpu='x86_64'
build_os='linux-gnu'
build_vendor='unknown'
datadir='${datarootdir}'
datarootdir='${prefix}/share'
docdir='${datarootdir}/doc/${PACKAGE_TARNAME}'
dvidir='${docdir}'
exec_prefix='${prefix}'
host='x86_64-unknown-linux-gnu'
host_alias=''
host_cpu='x86_64'
host_os='linux-gnu'
host_vendor='unknown'
htmldir='${docdir}'
includedir='${prefix}/include'
infodir='${datarootdir}/info'
libdir='${exec_prefix}/lib'
libexecdir='${exec_prefix}/libexec'
localedir='${datarootdir}/locale'
localstatedir='${prefix}/var'
mandir='${datarootdir}/man'
oldincludedir='/usr/include'
pdfdir='${docdir}'
prefix='/usr/local'
program_transform_name='s,x,x,'
psdir='${docdir}'
sbindir='${exec_prefix}/sbin'
sharedstatedir='${prefix}/com'
sysconfdir='${prefix}/etc'
target_alias=''

## ----------- ##
## confdefs.h. ##
## ----------- ##

/* confdefs.h */
#define PACKAGE_NAME "gpda"
#define PACKAGE_TARNAME "gpda"
#define PACKAGE_VERSION "0.0.1.5"
#define PACKAGE_STRING "gpda 0.0.1.5"
#define PACKAGE_BUGREPORT ""
#define PACKAGE_URL ""

configure: exit 0
